# JRE version: Java(TM) SE Runtime Environment (8.0_221-b11) (build 1.8.0_221-b11)
# Java VM: Java HotSpot(TM) 64-Bit Server VM (25.221-b11 mixed mode bsd-amd64 compressed oops)
Heap:
 PSYoungGen      total 186880K, used 49879K [0x0000000795580000, 0x00000007a2b80000, 0x00000007c0000000)
  eden space 186368K, 26% used [0x0000000795580000,0x00000007985fdd68,0x00000007a0b80000)
  from space 512K, 43% used [0x00000007a2b00000,0x00000007a2b38000,0x00000007a2b80000)
  to   space 13824K, 0% used [0x00000007a1080000,0x00000007a1080000,0x00000007a1e00000)
 ParOldGen       total 65536K, used 28857K [0x0000000740000000, 0x0000000744000000, 0x0000000795580000)
  object space 65536K, 44% used [0x0000000740000000,0x0000000741c2e7e8,0x0000000744000000)
 Metaspace       used 27893K, capacity 28283K, committed 28544K, reserved 1075200K
  class space    used 2217K, capacity 2343K, committed 2432K, reserved 1048576K
GC Heap History (10 events):
Event: 110.665 GC heap before
{Heap before GC invocations=13 (full 1):
 PSYoungGen      total 230400K, used 230048K [0x0000000795580000, 0x00000007a5580000, 0x00000007c0000000)
  eden space 229888K, 100% used [0x0000000795580000,0x00000007a3600000,0x00000007a3600000)
  from space 512K, 31% used [0x00000007a4000000,0x00000007a4028000,0x00000007a4080000)
  to   space 15360K, 0% used [0x00000007a4680000,0x00000007a4680000,0x00000007a5580000)
 ParOldGen       total 65536K, used 28857K [0x0000000740000000, 0x0000000744000000, 0x0000000795580000)
  object space 65536K, 44% used [0x0000000740000000,0x0000000741c2e7e8,0x0000000744000000)
 Metaspace       used 27831K, capacity 28183K, committed 28544K, reserved 1075200K
  class space    used 2204K, capacity 2309K, committed 2432K, reserved 1048576K
Event: 110.668 GC heap after
Heap after GC invocations=13 (full 1):
 PSYoungGen      total 224256K, used 224K [0x0000000795580000, 0x00000007a4a80000, 0x00000007c0000000)
  eden space 220160K, 0% used [0x0000000795580000,0x0000000795580000,0x00000007a2c80000)
  from space 4096K, 5% used [0x00000007a4680000,0x00000007a46b8000,0x00000007a4a80000)
  to   space 15360K, 0% used [0x00000007a2c80000,0x00000007a2c80000,0x00000007a3b80000)
 ParOldGen       total 65536K, used 28857K [0x0000000740000000, 0x0000000744000000, 0x0000000795580000)
  object space 65536K, 44% used [0x0000000740000000,0x0000000741c2e7e8,0x0000000744000000)
 Metaspace       used 27831K, capacity 28183K, committed 28544K, reserved 1075200K
  class space    used 2204K, capacity 2309K, committed 2432K, reserved 1048576K
}
Event: 130.241 GC heap before
{Heap before GC invocations=14 (full 1):
 PSYoungGen      total 224256K, used 220384K [0x0000000795580000, 0x00000007a4a80000, 0x00000007c0000000)
  eden space 220160K, 100% used [0x0000000795580000,0x00000007a2c80000,0x00000007a2c80000)
  from space 4096K, 5% used [0x00000007a4680000,0x00000007a46b8000,0x00000007a4a80000)
  to   space 15360K, 0% used [0x00000007a2c80000,0x00000007a2c80000,0x00000007a3b80000)
 ParOldGen       total 65536K, used 28857K [0x0000000740000000, 0x0000000744000000, 0x0000000795580000)
  object space 65536K, 44% used [0x0000000740000000,0x0000000741c2e7e8,0x0000000744000000)
 Metaspace       used 27831K, capacity 28183K, committed 28544K, reserved 1075200K
  class space    used 2204K, capacity 2309K, committed 2432K, reserved 1048576K
Event: 130.244 GC heap after
Heap after GC invocations=14 (full 1):
 PSYoungGen      total 211456K, used 256K [0x0000000795580000, 0x00000007a4700000, 0x00000007c0000000)
  eden space 210944K, 0% used [0x0000000795580000,0x0000000795580000,0x00000007a2380000)
  from space 512K, 50% used [0x00000007a2c80000,0x00000007a2cc0000,0x00000007a2d00000)
  to   space 14848K, 0% used [0x00000007a3880000,0x00000007a3880000,0x00000007a4700000)
 ParOldGen       total 65536K, used 28857K [0x0000000740000000, 0x0000000744000000, 0x0000000795580000)
  object space 65536K, 44% used [0x0000000740000000,0x0000000741c2e7e8,0x0000000744000000)
 Metaspace       used 27831K, capacity 28183K, committed 28544K, reserved 1075200K
  class space    used 2204K, capacity 2309K, committed 2432K, reserved 1048576K
}
Event: 148.670 GC heap before
{Heap before GC invocations=15 (full 1):
 PSYoungGen      total 211456K, used 211200K [0x0000000795580000, 0x00000007a4700000, 0x00000007c0000000)
  eden space 210944K, 100% used [0x0000000795580000,0x00000007a2380000,0x00000007a2380000)
  from space 512K, 50% used [0x00000007a2c80000,0x00000007a2cc0000,0x00000007a2d00000)
  to   space 14848K, 0% used [0x00000007a3880000,0x00000007a3880000,0x00000007a4700000)
 ParOldGen       total 65536K, used 28857K [0x0000000740000000, 0x0000000744000000, 0x0000000795580000)
  object space 65536K, 44% used [0x0000000740000000,0x0000000741c2e7e8,0x0000000744000000)
 Metaspace       used 27831K, capacity 28183K, committed 28544K, reserved 1075200K
  class space    used 2204K, capacity 2309K, committed 2432K, reserved 1048576K
Event: 148.671 GC heap after
Heap after GC invocations=15 (full 1):
 PSYoungGen      total 202752K, used 224K [0x0000000795580000, 0x00000007a3900000, 0x00000007c0000000)
  eden space 202240K, 0% used [0x0000000795580000,0x0000000795580000,0x00000007a1b00000)
  from space 512K, 43% used [0x00000007a3880000,0x00000007a38b8000,0x00000007a3900000)
  to   space 14336K, 0% used [0x00000007a1d00000,0x00000007a1d00000,0x00000007a2b00000)
 ParOldGen       total 65536K, used 28857K [0x0000000740000000, 0x0000000744000000, 0x0000000795580000)
  object space 65536K, 44% used [0x0000000740000000,0x0000000741c2e7e8,0x0000000744000000)
 Metaspace       used 27831K, capacity 28183K, committed 28544K, reserved 1075200K
  class space    used 2204K, capacity 2309K, committed 2432K, reserved 1048576K
}
Event: 166.654 GC heap before
{Heap before GC invocations=16 (full 1):
 PSYoungGen      total 202752K, used 202464K [0x0000000795580000, 0x00000007a3900000, 0x00000007c0000000)
  eden space 202240K, 100% used [0x0000000795580000,0x00000007a1b00000,0x00000007a1b00000)
  from space 512K, 43% used [0x00000007a3880000,0x00000007a38b8000,0x00000007a3900000)
  to   space 14336K, 0% used [0x00000007a1d00000,0x00000007a1d00000,0x00000007a2b00000)
 ParOldGen       total 65536K, used 28857K [0x0000000740000000, 0x0000000744000000, 0x0000000795580000)
  object space 65536K, 44% used [0x0000000740000000,0x0000000741c2e7e8,0x0000000744000000)
 Metaspace       used 27831K, capacity 28183K, committed 28544K, reserved 1075200K
  class space    used 2204K, capacity 2309K, committed 2432K, reserved 1048576K
Event: 166.656 GC heap after
Heap after GC invocations=16 (full 1):
 PSYoungGen      total 208384K, used 224K [0x0000000795580000, 0x00000007a3900000, 0x00000007c0000000)
  eden space 194048K, 0% used [0x0000000795580000,0x0000000795580000,0x00000007a1300000)
  from space 14336K, 1% used [0x00000007a1d00000,0x00000007a1d38000,0x00000007a2b00000)
  to   space 14336K, 0% used [0x00000007a2b00000,0x00000007a2b00000,0x00000007a3900000)
 ParOldGen       total 65536K, used 28857K [0x0000000740000000, 0x0000000744000000, 0x0000000795580000)
  object space 65536K, 44% used [0x0000000740000000,0x0000000741c2e7e8,0x0000000744000000)
 Metaspace       used 27831K, capacity 28183K, committed 28544K, reserved 1075200K
  class space    used 2204K, capacity 2309K, committed 2432K, reserved 1048576K
}
Event: 182.734 GC heap before
{Heap before GC invocations=17 (full 1):
 PSYoungGen      total 208384K, used 194272K [0x0000000795580000, 0x00000007a3900000, 0x00000007c0000000)
  eden space 194048K, 100% used [0x0000000795580000,0x00000007a1300000,0x00000007a1300000)
  from space 14336K, 1% used [0x00000007a1d00000,0x00000007a1d38000,0x00000007a2b00000)
  to   space 14336K, 0% used [0x00000007a2b00000,0x00000007a2b00000,0x00000007a3900000)
 ParOldGen       total 65536K, used 28857K [0x0000000740000000, 0x0000000744000000, 0x0000000795580000)
  object space 65536K, 44% used [0x0000000740000000,0x0000000741c2e7e8,0x0000000744000000)
 Metaspace       used 27831K, capacity 28183K, committed 28544K, reserved 1075200K
  class space    used 2204K, capacity 2309K, committed 2432K, reserved 1048576K
Event: 182.737 GC heap after
Heap after GC invocations=17 (full 1):
 PSYoungGen      total 186880K, used 224K [0x0000000795580000, 0x00000007a2b80000, 0x00000007c0000000)
  eden space 186368K, 0% used [0x0000000795580000,0x0000000795580000,0x00000007a0b80000)
  from space 512K, 43% used [0x00000007a2b00000,0x00000007a2b38000,0x00000007a2b80000)
  to   space 13824K, 0% used [0x00000007a1080000,0x00000007a1080000,0x00000007a1e00000)
 ParOldGen       total 65536K, used 28857K [0x0000000740000000, 0x0000000744000000, 0x0000000795580000)
  object space 65536K, 44% used [0x0000000740000000,0x0000000741c2e7e8,0x0000000744000000)
 Metaspace       used 27831K, capacity 28183K, committed 28544K, reserved 1075200K
  class space    used 2204K, capacity 2309K, committed 2432K, reserved 1048576K
}

