# JRE version: Java(TM) SE Runtime Environment (8.0_221-b11) (build 1.8.0_221-b11)
# Java VM: Java HotSpot(TM) 64-Bit Server VM (25.221-b11 mixed mode bsd-amd64 compressed oops)
Heap:
 PSYoungGen      total 71680K, used 35188K [0x0000000795580000, 0x00000007a3e80000, 0x00000007c0000000)
  eden space 66560K, 52% used [0x0000000795580000,0x00000007977dd338,0x0000000799680000)
  from space 5120K, 0% used [0x0000000799680000,0x0000000799680000,0x0000000799b80000)
  to   space 52736K, 0% used [0x00000007a0b00000,0x00000007a0b00000,0x00000007a3e80000)
 ParOldGen       total 141824K, used 52549K [0x0000000740000000, 0x0000000748a80000, 0x0000000795580000)
  object space 141824K, 37% used [0x0000000740000000,0x00000007433514e0,0x0000000748a80000)
 Metaspace       used 19600K, capacity 19941K, committed 20096K, reserved 1067008K
  class space    used 2011K, capacity 2117K, committed 2176K, reserved 1048576K
GC Heap History (10 events):
Event: 3.859 GC heap before
{Heap before GC invocations=2 (full 0):
 PSYoungGen      total 38400K, used 38393K [0x0000000795580000, 0x0000000798000000, 0x00000007c0000000)
  eden space 33280K, 100% used [0x0000000795580000,0x0000000797600000,0x0000000797600000)
  from space 5120K, 99% used [0x0000000797600000,0x0000000797afe750,0x0000000797b00000)
  to   space 5120K, 0% used [0x0000000797b00000,0x0000000797b00000,0x0000000798000000)
 ParOldGen       total 87552K, used 116K [0x0000000740000000, 0x0000000745580000, 0x0000000795580000)
  object space 87552K, 0% used [0x0000000740000000,0x000000074001d0e8,0x0000000745580000)
 Metaspace       used 19223K, capacity 19521K, committed 19840K, reserved 1067008K
  class space    used 1974K, capacity 2083K, committed 2176K, reserved 1048576K
Event: 3.867 GC heap after
Heap after GC invocations=2 (full 0):
 PSYoungGen      total 38400K, used 5104K [0x0000000795580000, 0x0000000798000000, 0x00000007c0000000)
  eden space 33280K, 0% used [0x0000000795580000,0x0000000795580000,0x0000000797600000)
  from space 5120K, 99% used [0x0000000797b00000,0x0000000797ffc080,0x0000000798000000)
  to   space 5120K, 0% used [0x0000000797600000,0x0000000797600000,0x0000000797b00000)
 ParOldGen       total 87552K, used 11567K [0x0000000740000000, 0x0000000745580000, 0x0000000795580000)
  object space 87552K, 13% used [0x0000000740000000,0x0000000740b4bc20,0x0000000745580000)
 Metaspace       used 19223K, capacity 19521K, committed 19840K, reserved 1067008K
  class space    used 1974K, capacity 2083K, committed 2176K, reserved 1048576K
}
Event: 4.079 GC heap before
{Heap before GC invocations=3 (full 0):
 PSYoungGen      total 38400K, used 38384K [0x0000000795580000, 0x0000000798000000, 0x00000007c0000000)
  eden space 33280K, 100% used [0x0000000795580000,0x0000000797600000,0x0000000797600000)
  from space 5120K, 99% used [0x0000000797b00000,0x0000000797ffc080,0x0000000798000000)
  to   space 5120K, 0% used [0x0000000797600000,0x0000000797600000,0x0000000797b00000)
 ParOldGen       total 87552K, used 11567K [0x0000000740000000, 0x0000000745580000, 0x0000000795580000)
  object space 87552K, 13% used [0x0000000740000000,0x0000000740b4bc20,0x0000000745580000)
 Metaspace       used 19406K, capacity 19777K, committed 20096K, reserved 1067008K
  class space    used 1988K, capacity 2083K, committed 2176K, reserved 1048576K
Event: 4.094 GC heap after
Heap after GC invocations=3 (full 0):
 PSYoungGen      total 38400K, used 5091K [0x0000000795580000, 0x000000079a080000, 0x00000007c0000000)
  eden space 33280K, 0% used [0x0000000795580000,0x0000000795580000,0x0000000797600000)
  from space 5120K, 99% used [0x0000000797600000,0x0000000797af8de8,0x0000000797b00000)
  to   space 5120K, 0% used [0x0000000799b80000,0x0000000799b80000,0x000000079a080000)
 ParOldGen       total 87552K, used 39102K [0x0000000740000000, 0x0000000745580000, 0x0000000795580000)
  object space 87552K, 44% used [0x0000000740000000,0x000000074262f920,0x0000000745580000)
 Metaspace       used 19406K, capacity 19777K, committed 20096K, reserved 1067008K
  class space    used 1988K, capacity 2083K, committed 2176K, reserved 1048576K
}
Event: 4.546 GC heap before
{Heap before GC invocations=4 (full 0):
 PSYoungGen      total 38400K, used 38371K [0x0000000795580000, 0x000000079a080000, 0x00000007c0000000)
  eden space 33280K, 100% used [0x0000000795580000,0x0000000797600000,0x0000000797600000)
  from space 5120K, 99% used [0x0000000797600000,0x0000000797af8de8,0x0000000797b00000)
  to   space 5120K, 0% used [0x0000000799b80000,0x0000000799b80000,0x000000079a080000)
 ParOldGen       total 87552K, used 39102K [0x0000000740000000, 0x0000000745580000, 0x0000000795580000)
  object space 87552K, 44% used [0x0000000740000000,0x000000074262f920,0x0000000745580000)
 Metaspace       used 19465K, capacity 19777K, committed 20096K, reserved 1067008K
  class space    used 1991K, capacity 2083K, committed 2176K, reserved 1048576K
Event: 4.558 GC heap after
Heap after GC invocations=4 (full 0):
 PSYoungGen      total 71680K, used 5109K [0x0000000795580000, 0x000000079a080000, 0x00000007c0000000)
  eden space 66560K, 0% used [0x0000000795580000,0x0000000795580000,0x0000000799680000)
  from space 5120K, 99% used [0x0000000799b80000,0x000000079a07d460,0x000000079a080000)
  to   space 5120K, 0% used [0x0000000799680000,0x0000000799680000,0x0000000799b80000)
 ParOldGen       total 87552K, used 46881K [0x0000000740000000, 0x0000000745580000, 0x0000000795580000)
  object space 87552K, 53% used [0x0000000740000000,0x0000000742dc86f8,0x0000000745580000)
 Metaspace       used 19465K, capacity 19777K, committed 20096K, reserved 1067008K
  class space    used 1991K, capacity 2083K, committed 2176K, reserved 1048576K
}
Event: 4.733 GC heap before
{Heap before GC invocations=5 (full 0):
 PSYoungGen      total 71680K, used 71669K [0x0000000795580000, 0x000000079a080000, 0x00000007c0000000)
  eden space 66560K, 100% used [0x0000000795580000,0x0000000799680000,0x0000000799680000)
  from space 5120K, 99% used [0x0000000799b80000,0x000000079a07d460,0x000000079a080000)
  to   space 5120K, 0% used [0x0000000799680000,0x0000000799680000,0x0000000799b80000)
 ParOldGen       total 87552K, used 46881K [0x0000000740000000, 0x0000000745580000, 0x0000000795580000)
  object space 87552K, 53% used [0x0000000740000000,0x0000000742dc86f8,0x0000000745580000)
 Metaspace       used 19532K, capacity 19873K, committed 20096K, reserved 1067008K
  class space    used 1999K, capacity 2115K, committed 2176K, reserved 1048576K
Event: 4.761 GC heap after
Heap after GC invocations=5 (full 0):
 PSYoungGen      total 71680K, used 5096K [0x0000000795580000, 0x00000007a3e80000, 0x00000007c0000000)
  eden space 66560K, 0% used [0x0000000795580000,0x0000000795580000,0x0000000799680000)
  from space 5120K, 99% used [0x0000000799680000,0x0000000799b7a238,0x0000000799b80000)
  to   space 52736K, 0% used [0x00000007a0b00000,0x00000007a0b00000,0x00000007a3e80000)
 ParOldGen       total 90112K, used 89571K [0x0000000740000000, 0x0000000745800000, 0x0000000795580000)
  object space 90112K, 99% used [0x0000000740000000,0x0000000745778e18,0x0000000745800000)
 Metaspace       used 19532K, capacity 19873K, committed 20096K, reserved 1067008K
  class space    used 1999K, capacity 2115K, committed 2176K, reserved 1048576K
}
Event: 4.761 GC heap before
{Heap before GC invocations=6 (full 1):
 PSYoungGen      total 71680K, used 5096K [0x0000000795580000, 0x00000007a3e80000, 0x00000007c0000000)
  eden space 66560K, 0% used [0x0000000795580000,0x0000000795580000,0x0000000799680000)
  from space 5120K, 99% used [0x0000000799680000,0x0000000799b7a238,0x0000000799b80000)
  to   space 52736K, 0% used [0x00000007a0b00000,0x00000007a0b00000,0x00000007a3e80000)
 ParOldGen       total 90112K, used 89571K [0x0000000740000000, 0x0000000745800000, 0x0000000795580000)
  object space 90112K, 99% used [0x0000000740000000,0x0000000745778e18,0x0000000745800000)
 Metaspace       used 19532K, capacity 19873K, committed 20096K, reserved 1067008K
  class space    used 1999K, capacity 2115K, committed 2176K, reserved 1048576K
Event: 4.849 GC heap after
Heap after GC invocations=6 (full 1):
 PSYoungGen      total 71680K, used 0K [0x0000000795580000, 0x00000007a3e80000, 0x00000007c0000000)
  eden space 66560K, 0% used [0x0000000795580000,0x0000000795580000,0x0000000799680000)
  from space 5120K, 0% used [0x0000000799680000,0x0000000799680000,0x0000000799b80000)
  to   space 52736K, 0% used [0x00000007a0b00000,0x00000007a0b00000,0x00000007a3e80000)
 ParOldGen       total 141824K, used 52549K [0x0000000740000000, 0x0000000748a80000, 0x0000000795580000)
  object space 141824K, 37% used [0x0000000740000000,0x00000007433514e0,0x0000000748a80000)
 Metaspace       used 19532K, capacity 19873K, committed 20096K, reserved 1067008K
  class space    used 1999K, capacity 2115K, committed 2176K, reserved 1048576K
}

