# JRE version: Java(TM) SE Runtime Environment (8.0_221-b11) (build 1.8.0_221-b11)
# Java VM: Java HotSpot(TM) 64-Bit Server VM (25.221-b11 mixed mode bsd-amd64 compressed oops)
Heap:
 PSYoungGen      total 212480K, used 16849K [0x0000000795580000, 0x00000007a5f00000, 0x00000007c0000000)
  eden space 168448K, 8% used [0x0000000795580000,0x00000007962b45e0,0x000000079fa00000)
  from space 44032K, 7% used [0x00000007a3400000,0x00000007a37400d0,0x00000007a5f00000)
  to   space 51712K, 0% used [0x000000079fa00000,0x000000079fa00000,0x00000007a2c80000)
 ParOldGen       total 240640K, used 158728K [0x0000000740000000, 0x000000074eb00000, 0x0000000795580000)
  object space 240640K, 65% used [0x0000000740000000,0x0000000749b02098,0x000000074eb00000)
 Metaspace       used 28108K, capacity 28493K, committed 28800K, reserved 1075200K
  class space    used 2192K, capacity 2310K, committed 2432K, reserved 1048576K
GC Heap History (10 events):
Event: 715.547 GC heap before
{Heap before GC invocations=23 (full 2):
 PSYoungGen      total 243200K, used 229634K [0x0000000795580000, 0x00000007a8000000, 0x00000007c0000000)
  eden space 195072K, 100% used [0x0000000795580000,0x00000007a1400000,0x00000007a1400000)
  from space 48128K, 71% used [0x00000007a5100000,0x00000007a72c0800,0x00000007a8000000)
  to   space 55296K, 0% used [0x00000007a1400000,0x00000007a1400000,0x00000007a4a00000)
 ParOldGen       total 159232K, used 127879K [0x0000000740000000, 0x0000000749b80000, 0x0000000795580000)
  object space 159232K, 80% used [0x0000000740000000,0x0000000747ce1c38,0x0000000749b80000)
 Metaspace       used 28045K, capacity 28329K, committed 28672K, reserved 1075200K
  class space    used 2179K, capacity 2276K, committed 2304K, reserved 1048576K
Event: 715.572 GC heap after
Heap after GC invocations=23 (full 2):
 PSYoungGen      total 222720K, used 34594K [0x0000000795580000, 0x00000007a7900000, 0x00000007c0000000)
  eden space 187904K, 0% used [0x0000000795580000,0x0000000795580000,0x00000007a0d00000)
  from space 34816K, 99% used [0x00000007a1400000,0x00000007a35c8800,0x00000007a3600000)
  to   space 55296K, 0% used [0x00000007a4300000,0x00000007a4300000,0x00000007a7900000)
 ParOldGen       total 159232K, used 127879K [0x0000000740000000, 0x0000000749b80000, 0x0000000795580000)
  object space 159232K, 80% used [0x0000000740000000,0x0000000747ce1c38,0x0000000749b80000)
 Metaspace       used 28045K, capacity 28329K, committed 28672K, reserved 1075200K
  class space    used 2179K, capacity 2276K, committed 2304K, reserved 1048576K
}
Event: 777.937 GC heap before
{Heap before GC invocations=24 (full 2):
 PSYoungGen      total 222720K, used 222498K [0x0000000795580000, 0x00000007a7900000, 0x00000007c0000000)
  eden space 187904K, 100% used [0x0000000795580000,0x00000007a0d00000,0x00000007a0d00000)
  from space 34816K, 99% used [0x00000007a1400000,0x00000007a35c8800,0x00000007a3600000)
  to   space 55296K, 0% used [0x00000007a4300000,0x00000007a4300000,0x00000007a7900000)
 ParOldGen       total 159232K, used 127879K [0x0000000740000000, 0x0000000749b80000, 0x0000000795580000)
  object space 159232K, 80% used [0x0000000740000000,0x0000000747ce1c38,0x0000000749b80000)
 Metaspace       used 28045K, capacity 28329K, committed 28672K, reserved 1075200K
  class space    used 2179K, capacity 2276K, committed 2304K, reserved 1048576K
Event: 777.946 GC heap after
Heap after GC invocations=24 (full 2):
 PSYoungGen      total 229888K, used 34594K [0x0000000795580000, 0x00000007a7280000, 0x00000007c0000000)
  eden space 181248K, 0% used [0x0000000795580000,0x0000000795580000,0x00000007a0680000)
  from space 48640K, 71% used [0x00000007a4300000,0x00000007a64c8800,0x00000007a7280000)
  to   space 55296K, 0% used [0x00000007a0680000,0x00000007a0680000,0x00000007a3c80000)
 ParOldGen       total 159232K, used 127879K [0x0000000740000000, 0x0000000749b80000, 0x0000000795580000)
  object space 159232K, 80% used [0x0000000740000000,0x0000000747ce1c38,0x0000000749b80000)
 Metaspace       used 28045K, capacity 28329K, committed 28672K, reserved 1075200K
  class space    used 2179K, capacity 2276K, committed 2304K, reserved 1048576K
}
Event: 838.115 GC heap before
{Heap before GC invocations=25 (full 2):
 PSYoungGen      total 229888K, used 215842K [0x0000000795580000, 0x00000007a7280000, 0x00000007c0000000)
  eden space 181248K, 100% used [0x0000000795580000,0x00000007a0680000,0x00000007a0680000)
  from space 48640K, 71% used [0x00000007a4300000,0x00000007a64c8800,0x00000007a7280000)
  to   space 55296K, 0% used [0x00000007a0680000,0x00000007a0680000,0x00000007a3c80000)
 ParOldGen       total 159232K, used 127879K [0x0000000740000000, 0x0000000749b80000, 0x0000000795580000)
  object space 159232K, 80% used [0x0000000740000000,0x0000000747ce1c38,0x0000000749b80000)
 Metaspace       used 28045K, capacity 28329K, committed 28672K, reserved 1075200K
  class space    used 2179K, capacity 2276K, committed 2304K, reserved 1048576K
Event: 838.121 GC heap after
Heap after GC invocations=25 (full 2):
 PSYoungGen      total 205312K, used 30209K [0x0000000795580000, 0x00000007a6800000, 0x00000007c0000000)
  eden space 174592K, 0% used [0x0000000795580000,0x0000000795580000,0x00000007a0000000)
  from space 30720K, 98% used [0x00000007a0680000,0x00000007a24006f0,0x00000007a2480000)
  to   space 53248K, 0% used [0x00000007a3400000,0x00000007a3400000,0x00000007a6800000)
 ParOldGen       total 159232K, used 132279K [0x0000000740000000, 0x0000000749b80000, 0x0000000795580000)
  object space 159232K, 83% used [0x0000000740000000,0x000000074812dd48,0x0000000749b80000)
 Metaspace       used 28045K, capacity 28329K, committed 28672K, reserved 1075200K
  class space    used 2179K, capacity 2276K, committed 2304K, reserved 1048576K
}
Event: 895.807 GC heap before
{Heap before GC invocations=26 (full 2):
 PSYoungGen      total 205312K, used 204801K [0x0000000795580000, 0x00000007a6800000, 0x00000007c0000000)
  eden space 174592K, 100% used [0x0000000795580000,0x00000007a0000000,0x00000007a0000000)
  from space 30720K, 98% used [0x00000007a0680000,0x00000007a24006f0,0x00000007a2480000)
  to   space 53248K, 0% used [0x00000007a3400000,0x00000007a3400000,0x00000007a6800000)
 ParOldGen       total 159232K, used 132279K [0x0000000740000000, 0x0000000749b80000, 0x0000000795580000)
  object space 159232K, 83% used [0x0000000740000000,0x000000074812dd48,0x0000000749b80000)
 Metaspace       used 28045K, capacity 28329K, committed 28672K, reserved 1075200K
  class space    used 2179K, capacity 2276K, committed 2304K, reserved 1048576K
Event: 895.820 GC heap after
Heap after GC invocations=26 (full 2):
 PSYoungGen      total 212480K, used 22305K [0x0000000795580000, 0x00000007a5f00000, 0x00000007c0000000)
  eden space 168448K, 0% used [0x0000000795580000,0x0000000795580000,0x000000079fa00000)
  from space 44032K, 50% used [0x00000007a3400000,0x00000007a49c8500,0x00000007a5f00000)
  to   space 51712K, 0% used [0x000000079fa00000,0x000000079fa00000,0x00000007a2c80000)
 ParOldGen       total 159232K, used 140263K [0x0000000740000000, 0x0000000749b80000, 0x0000000795580000)
  object space 159232K, 88% used [0x0000000740000000,0x00000007488f9f38,0x0000000749b80000)
 Metaspace       used 28045K, capacity 28329K, committed 28672K, reserved 1075200K
  class space    used 2179K, capacity 2276K, committed 2304K, reserved 1048576K
}
Event: 895.820 GC heap before
{Heap before GC invocations=27 (full 3):
 PSYoungGen      total 212480K, used 22305K [0x0000000795580000, 0x00000007a5f00000, 0x00000007c0000000)
  eden space 168448K, 0% used [0x0000000795580000,0x0000000795580000,0x000000079fa00000)
  from space 44032K, 50% used [0x00000007a3400000,0x00000007a49c8500,0x00000007a5f00000)
  to   space 51712K, 0% used [0x000000079fa00000,0x000000079fa00000,0x00000007a2c80000)
 ParOldGen       total 159232K, used 140263K [0x0000000740000000, 0x0000000749b80000, 0x0000000795580000)
  object space 159232K, 88% used [0x0000000740000000,0x00000007488f9f38,0x0000000749b80000)
 Metaspace       used 28045K, capacity 28329K, committed 28672K, reserved 1075200K
  class space    used 2179K, capacity 2276K, committed 2304K, reserved 1048576K
Event: 896.299 GC heap after
Heap after GC invocations=27 (full 3):
 PSYoungGen      total 212480K, used 3328K [0x0000000795580000, 0x00000007a5f00000, 0x00000007c0000000)
  eden space 168448K, 0% used [0x0000000795580000,0x0000000795580000,0x000000079fa00000)
  from space 44032K, 7% used [0x00000007a3400000,0x00000007a37400d0,0x00000007a5f00000)
  to   space 51712K, 0% used [0x000000079fa00000,0x000000079fa00000,0x00000007a2c80000)
 ParOldGen       total 240640K, used 158728K [0x0000000740000000, 0x000000074eb00000, 0x0000000795580000)
  object space 240640K, 65% used [0x0000000740000000,0x0000000749b02098,0x000000074eb00000)
 Metaspace       used 28045K, capacity 28329K, committed 28672K, reserved 1075200K
  class space    used 2179K, capacity 2276K, committed 2304K, reserved 1048576K
}

