# JRE version: Java(TM) SE Runtime Environment (8.0_221-b11) (build 1.8.0_221-b11)
# Java VM: Java HotSpot(TM) 64-Bit Server VM (25.221-b11 mixed mode bsd-amd64 compressed oops)
Heap:
 PSYoungGen      total 235008K, used 154751K [0x0000000795580000, 0x00000007a5f80000, 0x00000007c0000000)
  eden space 210944K, 68% used [0x0000000795580000,0x000000079e1d1410,0x00000007a2380000)
  from space 24064K, 45% used [0x00000007a4800000,0x00000007a52ceb78,0x00000007a5f80000)
  to   space 30720K, 0% used [0x00000007a2380000,0x00000007a2380000,0x00000007a4180000)
 ParOldGen       total 92160K, used 25650K [0x0000000740000000, 0x0000000745a00000, 0x0000000795580000)
  object space 92160K, 27% used [0x0000000740000000,0x000000074190cbc8,0x0000000745a00000)
 Metaspace       used 27511K, capacity 27889K, committed 28288K, reserved 1075200K
  class space    used 2211K, capacity 2342K, committed 2432K, reserved 1048576K
GC Heap History (10 events):
Event: 9.047 GC heap before
{Heap before GC invocations=5 (full 0):
 PSYoungGen      total 71680K, used 43920K [0x0000000795580000, 0x000000079a080000, 0x00000007c0000000)
  eden space 66560K, 58% used [0x0000000795580000,0x0000000797b66ea0,0x0000000799680000)
  from space 5120K, 99% used [0x0000000799b80000,0x000000079a07d2a8,0x000000079a080000)
  to   space 5120K, 0% used [0x0000000799680000,0x0000000799680000,0x0000000799b80000)
 ParOldGen       total 87552K, used 47188K [0x0000000740000000, 0x0000000745580000, 0x0000000795580000)
  object space 87552K, 53% used [0x0000000740000000,0x0000000742e15008,0x0000000745580000)
 Metaspace       used 20892K, capacity 21206K, committed 21296K, reserved 1069056K
  class space    used 2037K, capacity 2147K, committed 2176K, reserved 1048576K
Event: 9.057 GC heap after
Heap after GC invocations=5 (full 0):
 PSYoungGen      total 71680K, used 5117K [0x0000000795580000, 0x00000007a1880000, 0x00000007c0000000)
  eden space 66560K, 0% used [0x0000000795580000,0x0000000795580000,0x0000000799680000)
  from space 5120K, 99% used [0x0000000799680000,0x0000000799b7f420,0x0000000799b80000)
  to   space 33280K, 0% used [0x000000079f800000,0x000000079f800000,0x00000007a1880000)
 ParOldGen       total 87552K, used 61495K [0x0000000740000000, 0x0000000745580000, 0x0000000795580000)
  object space 87552K, 70% used [0x0000000740000000,0x0000000743c0dd20,0x0000000745580000)
 Metaspace       used 20892K, capacity 21206K, committed 21296K, reserved 1069056K
  class space    used 2037K, capacity 2147K, committed 2176K, reserved 1048576K
}
Event: 9.058 GC heap before
{Heap before GC invocations=6 (full 1):
 PSYoungGen      total 71680K, used 5117K [0x0000000795580000, 0x00000007a1880000, 0x00000007c0000000)
  eden space 66560K, 0% used [0x0000000795580000,0x0000000795580000,0x0000000799680000)
  from space 5120K, 99% used [0x0000000799680000,0x0000000799b7f420,0x0000000799b80000)
  to   space 33280K, 0% used [0x000000079f800000,0x000000079f800000,0x00000007a1880000)
 ParOldGen       total 87552K, used 61495K [0x0000000740000000, 0x0000000745580000, 0x0000000795580000)
  object space 87552K, 70% used [0x0000000740000000,0x0000000743c0dd20,0x0000000745580000)
 Metaspace       used 20892K, capacity 21206K, committed 21296K, reserved 1069056K
  class space    used 2037K, capacity 2147K, committed 2176K, reserved 1048576K
Event: 9.102 GC heap after
Heap after GC invocations=6 (full 1):
 PSYoungGen      total 71680K, used 0K [0x0000000795580000, 0x00000007a1880000, 0x00000007c0000000)
  eden space 66560K, 0% used [0x0000000795580000,0x0000000795580000,0x0000000799680000)
  from space 5120K, 0% used [0x0000000799680000,0x0000000799680000,0x0000000799b80000)
  to   space 33280K, 0% used [0x000000079f800000,0x000000079f800000,0x00000007a1880000)
 ParOldGen       total 92160K, used 25626K [0x0000000740000000, 0x0000000745a00000, 0x0000000795580000)
  object space 92160K, 27% used [0x0000000740000000,0x0000000741906bc8,0x0000000745a00000)
 Metaspace       used 20892K, capacity 21206K, committed 21296K, reserved 1069056K
  class space    used 2037K, capacity 2147K, committed 2176K, reserved 1048576K
}
Event: 10.744 GC heap before
{Heap before GC invocations=7 (full 1):
 PSYoungGen      total 71680K, used 66560K [0x0000000795580000, 0x00000007a1880000, 0x00000007c0000000)
  eden space 66560K, 100% used [0x0000000795580000,0x0000000799680000,0x0000000799680000)
  from space 5120K, 0% used [0x0000000799680000,0x0000000799680000,0x0000000799b80000)
  to   space 33280K, 0% used [0x000000079f800000,0x000000079f800000,0x00000007a1880000)
 ParOldGen       total 92160K, used 25626K [0x0000000740000000, 0x0000000745a00000, 0x0000000795580000)
  object space 92160K, 27% used [0x0000000740000000,0x0000000741906bc8,0x0000000745a00000)
 Metaspace       used 26864K, capacity 27140K, committed 27392K, reserved 1075200K
  class space    used 2192K, capacity 2276K, committed 2304K, reserved 1048576K
Event: 10.752 GC heap after
Heap after GC invocations=7 (full 1):
 PSYoungGen      total 142848K, used 7374K [0x0000000795580000, 0x00000007a0d00000, 0x00000007c0000000)
  eden space 121344K, 0% used [0x0000000795580000,0x0000000795580000,0x000000079cc00000)
  from space 21504K, 34% used [0x000000079f800000,0x000000079ff33bc8,0x00000007a0d00000)
  to   space 33280K, 0% used [0x000000079cc00000,0x000000079cc00000,0x000000079ec80000)
 ParOldGen       total 92160K, used 25634K [0x0000000740000000, 0x0000000745a00000, 0x0000000795580000)
  object space 92160K, 27% used [0x0000000740000000,0x0000000741908bc8,0x0000000745a00000)
 Metaspace       used 26864K, capacity 27140K, committed 27392K, reserved 1075200K
  class space    used 2192K, capacity 2276K, committed 2304K, reserved 1048576K
}
Event: 13.360 GC heap before
{Heap before GC invocations=8 (full 1):
 PSYoungGen      total 142848K, used 128718K [0x0000000795580000, 0x00000007a0d00000, 0x00000007c0000000)
  eden space 121344K, 100% used [0x0000000795580000,0x000000079cc00000,0x000000079cc00000)
  from space 21504K, 34% used [0x000000079f800000,0x000000079ff33bc8,0x00000007a0d00000)
  to   space 33280K, 0% used [0x000000079cc00000,0x000000079cc00000,0x000000079ec80000)
 ParOldGen       total 92160K, used 25634K [0x0000000740000000, 0x0000000745a00000, 0x0000000795580000)
  object space 92160K, 27% used [0x0000000740000000,0x0000000741908bc8,0x0000000745a00000)
 Metaspace       used 27257K, capacity 27565K, committed 27904K, reserved 1075200K
  class space    used 2192K, capacity 2276K, committed 2304K, reserved 1048576K
Event: 13.368 GC heap after
Heap after GC invocations=8 (full 1):
 PSYoungGen      total 154624K, used 11051K [0x0000000795580000, 0x00000007a6700000, 0x00000007c0000000)
  eden space 121344K, 0% used [0x0000000795580000,0x0000000795580000,0x000000079cc00000)
  from space 33280K, 33% used [0x000000079cc00000,0x000000079d6cace8,0x000000079ec80000)
  to   space 31744K, 0% used [0x00000007a4800000,0x00000007a4800000,0x00000007a6700000)
 ParOldGen       total 92160K, used 25642K [0x0000000740000000, 0x0000000745a00000, 0x0000000795580000)
  object space 92160K, 27% used [0x0000000740000000,0x000000074190abc8,0x0000000745a00000)
 Metaspace       used 27257K, capacity 27565K, committed 27904K, reserved 1075200K
  class space    used 2192K, capacity 2276K, committed 2304K, reserved 1048576K
}
Event: 16.983 GC heap before
{Heap before GC invocations=9 (full 1):
 PSYoungGen      total 154624K, used 132395K [0x0000000795580000, 0x00000007a6700000, 0x00000007c0000000)
  eden space 121344K, 100% used [0x0000000795580000,0x000000079cc00000,0x000000079cc00000)
  from space 33280K, 33% used [0x000000079cc00000,0x000000079d6cace8,0x000000079ec80000)
  to   space 31744K, 0% used [0x00000007a4800000,0x00000007a4800000,0x00000007a6700000)
 ParOldGen       total 92160K, used 25642K [0x0000000740000000, 0x0000000745a00000, 0x0000000795580000)
  object space 92160K, 27% used [0x0000000740000000,0x000000074190abc8,0x0000000745a00000)
 Metaspace       used 27385K, capacity 27789K, committed 28032K, reserved 1075200K
  class space    used 2197K, capacity 2308K, committed 2432K, reserved 1048576K
Event: 16.988 GC heap after
Heap after GC invocations=9 (full 1):
 PSYoungGen      total 235008K, used 11066K [0x0000000795580000, 0x00000007a5f80000, 0x00000007c0000000)
  eden space 210944K, 0% used [0x0000000795580000,0x0000000795580000,0x00000007a2380000)
  from space 24064K, 45% used [0x00000007a4800000,0x00000007a52ceb78,0x00000007a5f80000)
  to   space 30720K, 0% used [0x00000007a2380000,0x00000007a2380000,0x00000007a4180000)
 ParOldGen       total 92160K, used 25650K [0x0000000740000000, 0x0000000745a00000, 0x0000000795580000)
  object space 92160K, 27% used [0x0000000740000000,0x000000074190cbc8,0x0000000745a00000)
 Metaspace       used 27385K, capacity 27789K, committed 28032K, reserved 1075200K
  class space    used 2197K, capacity 2308K, committed 2432K, reserved 1048576K
}

