# JRE version: Java(TM) SE Runtime Environment (8.0_221-b11) (build 1.8.0_221-b11)
# Java VM: Java HotSpot(TM) 64-Bit Server VM (25.221-b11 mixed mode bsd-amd64 compressed oops)
Heap:
 PSYoungGen      total 128000K, used 69142K [0x0000000795580000, 0x00000007a3300000, 0x00000007c0000000)
  eden space 115200K, 55% used [0x0000000795580000,0x00000007993f8930,0x000000079c600000)
  from space 12800K, 40% used [0x000000079c600000,0x000000079cb0cf50,0x000000079d280000)
  to   space 12800K, 0% used [0x00000007a2680000,0x00000007a2680000,0x00000007a3300000)
 ParOldGen       total 62464K, used 22574K [0x0000000740000000, 0x0000000743d00000, 0x0000000795580000)
  object space 62464K, 36% used [0x0000000740000000,0x000000074160bb50,0x0000000743d00000)
 Metaspace       used 27581K, capacity 27901K, committed 28288K, reserved 1075200K
  class space    used 2214K, capacity 2344K, committed 2432K, reserved 1048576K
GC Heap History (10 events):
Event: 3.033 GC heap before
{Heap before GC invocations=4 (full 1):
 PSYoungGen      total 38400K, used 4921K [0x0000000795580000, 0x000000079a080000, 0x00000007c0000000)
  eden space 33280K, 0% used [0x0000000795580000,0x0000000795580000,0x0000000797600000)
  from space 5120K, 96% used [0x0000000797600000,0x0000000797ace450,0x0000000797b00000)
  to   space 5120K, 0% used [0x0000000799b80000,0x0000000799b80000,0x000000079a080000)
 ParOldGen       total 87552K, used 12918K [0x0000000740000000, 0x0000000745580000, 0x0000000795580000)
  object space 87552K, 14% used [0x0000000740000000,0x0000000740c9da58,0x0000000745580000)
 Metaspace       used 20783K, capacity 21118K, committed 21272K, reserved 1069056K
  class space    used 2057K, capacity 2179K, committed 2304K, reserved 1048576K
Event: 3.053 GC heap after
Heap after GC invocations=4 (full 1):
 PSYoungGen      total 38400K, used 0K [0x0000000795580000, 0x000000079a080000, 0x00000007c0000000)
  eden space 33280K, 0% used [0x0000000795580000,0x0000000795580000,0x0000000797600000)
  from space 5120K, 0% used [0x0000000797600000,0x0000000797600000,0x0000000797b00000)
  to   space 5120K, 0% used [0x0000000799b80000,0x0000000799b80000,0x000000079a080000)
 ParOldGen       total 62464K, used 16643K [0x0000000740000000, 0x0000000743d00000, 0x0000000795580000)
  object space 62464K, 26% used [0x0000000740000000,0x0000000741040ce0,0x0000000743d00000)
 Metaspace       used 20783K, capacity 21118K, committed 21272K, reserved 1069056K
  class space    used 2057K, capacity 2179K, committed 2304K, reserved 1048576K
}
Event: 4.661 GC heap before
{Heap before GC invocations=5 (full 1):
 PSYoungGen      total 38400K, used 33280K [0x0000000795580000, 0x000000079a080000, 0x00000007c0000000)
  eden space 33280K, 100% used [0x0000000795580000,0x0000000797600000,0x0000000797600000)
  from space 5120K, 0% used [0x0000000797600000,0x0000000797600000,0x0000000797b00000)
  to   space 5120K, 0% used [0x0000000799b80000,0x0000000799b80000,0x000000079a080000)
 ParOldGen       total 62464K, used 16643K [0x0000000740000000, 0x0000000743d00000, 0x0000000795580000)
  object space 62464K, 26% used [0x0000000740000000,0x0000000741040ce0,0x0000000743d00000)
 Metaspace       used 26754K, capacity 27112K, committed 27520K, reserved 1075200K
  class space    used 2196K, capacity 2308K, committed 2432K, reserved 1048576K
Event: 4.672 GC heap after
Heap after GC invocations=5 (full 1):
 PSYoungGen      total 67584K, used 5107K [0x0000000795580000, 0x000000079a080000, 0x00000007c0000000)
  eden space 62464K, 0% used [0x0000000795580000,0x0000000795580000,0x0000000799280000)
  from space 5120K, 99% used [0x0000000799b80000,0x000000079a07cc78,0x000000079a080000)
  to   space 5120K, 0% used [0x0000000799680000,0x0000000799680000,0x0000000799b80000)
 ParOldGen       total 62464K, used 19110K [0x0000000740000000, 0x0000000743d00000, 0x0000000795580000)
  object space 62464K, 30% used [0x0000000740000000,0x00000007412a9940,0x0000000743d00000)
 Metaspace       used 26754K, capacity 27112K, committed 27520K, reserved 1075200K
  class space    used 2196K, capacity 2308K, committed 2432K, reserved 1048576K
}
Event: 10.240 GC heap before
{Heap before GC invocations=6 (full 1):
 PSYoungGen      total 67584K, used 67571K [0x0000000795580000, 0x000000079a080000, 0x00000007c0000000)
  eden space 62464K, 100% used [0x0000000795580000,0x0000000799280000,0x0000000799280000)
  from space 5120K, 99% used [0x0000000799b80000,0x000000079a07cc78,0x000000079a080000)
  to   space 5120K, 0% used [0x0000000799680000,0x0000000799680000,0x0000000799b80000)
 ParOldGen       total 62464K, used 19110K [0x0000000740000000, 0x0000000743d00000, 0x0000000795580000)
  object space 62464K, 30% used [0x0000000740000000,0x00000007412a9940,0x0000000743d00000)
 Metaspace       used 27393K, capacity 27729K, committed 28032K, reserved 1075200K
  class space    used 2196K, capacity 2308K, committed 2432K, reserved 1048576K
Event: 10.250 GC heap after
Heap after GC invocations=6 (full 1):
 PSYoungGen      total 71680K, used 5105K [0x0000000795580000, 0x000000079df00000, 0x00000007c0000000)
  eden space 66560K, 0% used [0x0000000795580000,0x0000000795580000,0x0000000799680000)
  from space 5120K, 99% used [0x0000000799680000,0x0000000799b7c520,0x0000000799b80000)
  to   space 12800K, 0% used [0x000000079d280000,0x000000079d280000,0x000000079df00000)
 ParOldGen       total 62464K, used 22558K [0x0000000740000000, 0x0000000743d00000, 0x0000000795580000)
  object space 62464K, 36% used [0x0000000740000000,0x0000000741607b50,0x0000000743d00000)
 Metaspace       used 27393K, capacity 27729K, committed 28032K, reserved 1075200K
  class space    used 2196K, capacity 2308K, committed 2432K, reserved 1048576K
}
Event: 22.675 GC heap before
{Heap before GC invocations=7 (full 1):
 PSYoungGen      total 71680K, used 71665K [0x0000000795580000, 0x000000079df00000, 0x00000007c0000000)
  eden space 66560K, 100% used [0x0000000795580000,0x0000000799680000,0x0000000799680000)
  from space 5120K, 99% used [0x0000000799680000,0x0000000799b7c520,0x0000000799b80000)
  to   space 12800K, 0% used [0x000000079d280000,0x000000079d280000,0x000000079df00000)
 ParOldGen       total 62464K, used 22558K [0x0000000740000000, 0x0000000743d00000, 0x0000000795580000)
  object space 62464K, 36% used [0x0000000740000000,0x0000000741607b50,0x0000000743d00000)
 Metaspace       used 27463K, capacity 27793K, committed 28032K, reserved 1075200K
  class space    used 2196K, capacity 2308K, committed 2432K, reserved 1048576K
Event: 22.682 GC heap after
Heap after GC invocations=7 (full 1):
 PSYoungGen      total 128000K, used 5137K [0x0000000795580000, 0x000000079e380000, 0x00000007c0000000)
  eden space 115200K, 0% used [0x0000000795580000,0x0000000795580000,0x000000079c600000)
  from space 12800K, 40% used [0x000000079d280000,0x000000079d784520,0x000000079df00000)
  to   space 12800K, 0% used [0x000000079c600000,0x000000079c600000,0x000000079d280000)
 ParOldGen       total 62464K, used 22566K [0x0000000740000000, 0x0000000743d00000, 0x0000000795580000)
  object space 62464K, 36% used [0x0000000740000000,0x0000000741609b50,0x0000000743d00000)
 Metaspace       used 27463K, capacity 27793K, committed 28032K, reserved 1075200K
  class space    used 2196K, capacity 2308K, committed 2432K, reserved 1048576K
}
Event: 44.888 GC heap before
{Heap before GC invocations=8 (full 1):
 PSYoungGen      total 128000K, used 120337K [0x0000000795580000, 0x000000079e380000, 0x00000007c0000000)
  eden space 115200K, 100% used [0x0000000795580000,0x000000079c600000,0x000000079c600000)
  from space 12800K, 40% used [0x000000079d280000,0x000000079d784520,0x000000079df00000)
  to   space 12800K, 0% used [0x000000079c600000,0x000000079c600000,0x000000079d280000)
 ParOldGen       total 62464K, used 22566K [0x0000000740000000, 0x0000000743d00000, 0x0000000795580000)
  object space 62464K, 36% used [0x0000000740000000,0x0000000741609b50,0x0000000743d00000)
 Metaspace       used 27464K, capacity 27793K, committed 28032K, reserved 1075200K
  class space    used 2196K, capacity 2308K, committed 2432K, reserved 1048576K
Event: 44.895 GC heap after
Heap after GC invocations=8 (full 1):
 PSYoungGen      total 128000K, used 5171K [0x0000000795580000, 0x00000007a3300000, 0x00000007c0000000)
  eden space 115200K, 0% used [0x0000000795580000,0x0000000795580000,0x000000079c600000)
  from space 12800K, 40% used [0x000000079c600000,0x000000079cb0cf50,0x000000079d280000)
  to   space 12800K, 0% used [0x00000007a2680000,0x00000007a2680000,0x00000007a3300000)
 ParOldGen       total 62464K, used 22574K [0x0000000740000000, 0x0000000743d00000, 0x0000000795580000)
  object space 62464K, 36% used [0x0000000740000000,0x000000074160bb50,0x0000000743d00000)
 Metaspace       used 27464K, capacity 27793K, committed 28032K, reserved 1075200K
  class space    used 2196K, capacity 2308K, committed 2432K, reserved 1048576K
}

