# JRE version: Java(TM) SE Runtime Environment (8.0_221-b11) (build 1.8.0_221-b11)
# Java VM: Java HotSpot(TM) 64-Bit Server VM (25.221-b11 mixed mode bsd-amd64 compressed oops)
Heap:
 PSYoungGen      total 263168K, used 194617K [0x0000000795580000, 0x00000007aa300000, 0x00000007c0000000)
  eden space 237056K, 81% used [0x0000000795580000,0x00000007a134e770,0x00000007a3d00000)
  from space 26112K, 0% used [0x00000007a7000000,0x00000007a7040000,0x00000007a8980000)
  to   space 25088K, 0% used [0x00000007a8a80000,0x00000007a8a80000,0x00000007aa300000)
 ParOldGen       total 94208K, used 36927K [0x0000000740000000, 0x0000000745c00000, 0x0000000795580000)
  object space 94208K, 39% used [0x0000000740000000,0x000000074240ff38,0x0000000745c00000)
 Metaspace       used 27959K, capacity 28291K, committed 28544K, reserved 1075200K
  class space    used 2232K, capacity 2343K, committed 2432K, reserved 1048576K
GC Heap History (10 events):
Event: 65.144 GC heap before
{Heap before GC invocations=16 (full 1):
 PSYoungGen      total 294400K, used 294080K [0x0000000795580000, 0x00000007ad900000, 0x00000007c0000000)
  eden space 293888K, 100% used [0x0000000795580000,0x00000007a7480000,0x00000007a7480000)
  from space 512K, 37% used [0x00000007ad880000,0x00000007ad8b0000,0x00000007ad900000)
  to   space 30208K, 0% used [0x00000007a9e00000,0x00000007a9e00000,0x00000007abb80000)
 ParOldGen       total 94208K, used 36911K [0x0000000740000000, 0x0000000745c00000, 0x0000000795580000)
  object space 94208K, 39% used [0x0000000740000000,0x000000074240bf38,0x0000000745c00000)
 Metaspace       used 27690K, capacity 28025K, committed 28160K, reserved 1075200K
  class space    used 2193K, capacity 2276K, committed 2304K, reserved 1048576K
Event: 65.146 GC heap after
Heap after GC invocations=16 (full 1):
 PSYoungGen      total 311296K, used 192K [0x0000000795580000, 0x00000007ad900000, 0x00000007c0000000)
  eden space 281088K, 0% used [0x0000000795580000,0x0000000795580000,0x00000007a6800000)
  from space 30208K, 0% used [0x00000007a9e00000,0x00000007a9e30000,0x00000007abb80000)
  to   space 29184K, 0% used [0x00000007abc80000,0x00000007abc80000,0x00000007ad900000)
 ParOldGen       total 94208K, used 36919K [0x0000000740000000, 0x0000000745c00000, 0x0000000795580000)
  object space 94208K, 39% used [0x0000000740000000,0x000000074240df38,0x0000000745c00000)
 Metaspace       used 27690K, capacity 28025K, committed 28160K, reserved 1075200K
  class space    used 2193K, capacity 2276K, committed 2304K, reserved 1048576K
}
Event: 73.716 GC heap before
{Heap before GC invocations=17 (full 1):
 PSYoungGen      total 311296K, used 281280K [0x0000000795580000, 0x00000007ad900000, 0x00000007c0000000)
  eden space 281088K, 100% used [0x0000000795580000,0x00000007a6800000,0x00000007a6800000)
  from space 30208K, 0% used [0x00000007a9e00000,0x00000007a9e30000,0x00000007abb80000)
  to   space 29184K, 0% used [0x00000007abc80000,0x00000007abc80000,0x00000007ad900000)
 ParOldGen       total 94208K, used 36919K [0x0000000740000000, 0x0000000745c00000, 0x0000000795580000)
  object space 94208K, 39% used [0x0000000740000000,0x000000074240df38,0x0000000745c00000)
 Metaspace       used 27690K, capacity 28025K, committed 28160K, reserved 1075200K
  class space    used 2193K, capacity 2276K, committed 2304K, reserved 1048576K
Event: 73.718 GC heap after
Heap after GC invocations=17 (full 1):
 PSYoungGen      total 269824K, used 224K [0x0000000795580000, 0x00000007abd00000, 0x00000007c0000000)
  eden space 269312K, 0% used [0x0000000795580000,0x0000000795580000,0x00000007a5c80000)
  from space 512K, 43% used [0x00000007abc80000,0x00000007abcb8000,0x00000007abd00000)
  to   space 28672K, 0% used [0x00000007a8500000,0x00000007a8500000,0x00000007aa100000)
 ParOldGen       total 94208K, used 36927K [0x0000000740000000, 0x0000000745c00000, 0x0000000795580000)
  object space 94208K, 39% used [0x0000000740000000,0x000000074240ff38,0x0000000745c00000)
 Metaspace       used 27690K, capacity 28025K, committed 28160K, reserved 1075200K
  class space    used 2193K, capacity 2276K, committed 2304K, reserved 1048576K
}
Event: 81.832 GC heap before
{Heap before GC invocations=18 (full 1):
 PSYoungGen      total 269824K, used 269536K [0x0000000795580000, 0x00000007abd00000, 0x00000007c0000000)
  eden space 269312K, 100% used [0x0000000795580000,0x00000007a5c80000,0x00000007a5c80000)
  from space 512K, 43% used [0x00000007abc80000,0x00000007abcb8000,0x00000007abd00000)
  to   space 28672K, 0% used [0x00000007a8500000,0x00000007a8500000,0x00000007aa100000)
 ParOldGen       total 94208K, used 36927K [0x0000000740000000, 0x0000000745c00000, 0x0000000795580000)
  object space 94208K, 39% used [0x0000000740000000,0x000000074240ff38,0x0000000745c00000)
 Metaspace       used 27690K, capacity 28025K, committed 28160K, reserved 1075200K
  class space    used 2193K, capacity 2276K, committed 2304K, reserved 1048576K
Event: 81.833 GC heap after
Heap after GC invocations=18 (full 1):
 PSYoungGen      total 286720K, used 224K [0x0000000795580000, 0x00000007abd00000, 0x00000007c0000000)
  eden space 258048K, 0% used [0x0000000795580000,0x0000000795580000,0x00000007a5180000)
  from space 28672K, 0% used [0x00000007a8500000,0x00000007a8538000,0x00000007aa100000)
  to   space 27136K, 0% used [0x00000007aa280000,0x00000007aa280000,0x00000007abd00000)
 ParOldGen       total 94208K, used 36927K [0x0000000740000000, 0x0000000745c00000, 0x0000000795580000)
  object space 94208K, 39% used [0x0000000740000000,0x000000074240ff38,0x0000000745c00000)
 Metaspace       used 27690K, capacity 28025K, committed 28160K, reserved 1075200K
  class space    used 2193K, capacity 2276K, committed 2304K, reserved 1048576K
}
Event: 89.664 GC heap before
{Heap before GC invocations=19 (full 1):
 PSYoungGen      total 286720K, used 258272K [0x0000000795580000, 0x00000007abd00000, 0x00000007c0000000)
  eden space 258048K, 100% used [0x0000000795580000,0x00000007a5180000,0x00000007a5180000)
  from space 28672K, 0% used [0x00000007a8500000,0x00000007a8538000,0x00000007aa100000)
  to   space 27136K, 0% used [0x00000007aa280000,0x00000007aa280000,0x00000007abd00000)
 ParOldGen       total 94208K, used 36927K [0x0000000740000000, 0x0000000745c00000, 0x0000000795580000)
  object space 94208K, 39% used [0x0000000740000000,0x000000074240ff38,0x0000000745c00000)
 Metaspace       used 27690K, capacity 28025K, committed 28160K, reserved 1075200K
  class space    used 2193K, capacity 2276K, committed 2304K, reserved 1048576K
Event: 89.665 GC heap after
Heap after GC invocations=19 (full 1):
 PSYoungGen      total 247808K, used 224K [0x0000000795580000, 0x00000007aa300000, 0x00000007c0000000)
  eden space 247296K, 0% used [0x0000000795580000,0x0000000795580000,0x00000007a4700000)
  from space 512K, 43% used [0x00000007aa280000,0x00000007aa2b8000,0x00000007aa300000)
  to   space 26112K, 0% used [0x00000007a7000000,0x00000007a7000000,0x00000007a8980000)
 ParOldGen       total 94208K, used 36927K [0x0000000740000000, 0x0000000745c00000, 0x0000000795580000)
  object space 94208K, 39% used [0x0000000740000000,0x000000074240ff38,0x0000000745c00000)
 Metaspace       used 27690K, capacity 28025K, committed 28160K, reserved 1075200K
  class space    used 2193K, capacity 2276K, committed 2304K, reserved 1048576K
}
Event: 97.185 GC heap before
{Heap before GC invocations=20 (full 1):
 PSYoungGen      total 247808K, used 247520K [0x0000000795580000, 0x00000007aa300000, 0x00000007c0000000)
  eden space 247296K, 100% used [0x0000000795580000,0x00000007a4700000,0x00000007a4700000)
  from space 512K, 43% used [0x00000007aa280000,0x00000007aa2b8000,0x00000007aa300000)
  to   space 26112K, 0% used [0x00000007a7000000,0x00000007a7000000,0x00000007a8980000)
 ParOldGen       total 94208K, used 36927K [0x0000000740000000, 0x0000000745c00000, 0x0000000795580000)
  object space 94208K, 39% used [0x0000000740000000,0x000000074240ff38,0x0000000745c00000)
 Metaspace       used 27691K, capacity 28025K, committed 28160K, reserved 1075200K
  class space    used 2193K, capacity 2276K, committed 2304K, reserved 1048576K
Event: 97.187 GC heap after
Heap after GC invocations=20 (full 1):
 PSYoungGen      total 263168K, used 256K [0x0000000795580000, 0x00000007aa300000, 0x00000007c0000000)
  eden space 237056K, 0% used [0x0000000795580000,0x0000000795580000,0x00000007a3d00000)
  from space 26112K, 0% used [0x00000007a7000000,0x00000007a7040000,0x00000007a8980000)
  to   space 25088K, 0% used [0x00000007a8a80000,0x00000007a8a80000,0x00000007aa300000)
 ParOldGen       total 94208K, used 36927K [0x0000000740000000, 0x0000000745c00000, 0x0000000795580000)
  object space 94208K, 39% used [0x0000000740000000,0x000000074240ff38,0x0000000745c00000)
 Metaspace       used 27691K, capacity 28025K, committed 28160K, reserved 1075200K
  class space    used 2193K, capacity 2276K, committed 2304K, reserved 1048576K
}

