# JRE version: Java(TM) SE Runtime Environment (8.0_221-b11) (build 1.8.0_221-b11)
# Java VM: Java HotSpot(TM) 64-Bit Server VM (25.221-b11 mixed mode bsd-amd64 compressed oops)
Heap:
 PSYoungGen      total 71680K, used 38776K [0x0000000795580000, 0x00000007a3b80000, 0x00000007c0000000)
  eden space 66560K, 58% used [0x0000000795580000,0x0000000797b5e128,0x0000000799680000)
  from space 5120K, 0% used [0x0000000799680000,0x0000000799680000,0x0000000799b80000)
  to   space 51200K, 0% used [0x00000007a0980000,0x00000007a0980000,0x00000007a3b80000)
 ParOldGen       total 137216K, used 50922K [0x0000000740000000, 0x0000000748600000, 0x0000000795580000)
  object space 137216K, 37% used [0x0000000740000000,0x00000007431bab38,0x0000000748600000)
 Metaspace       used 19655K, capacity 19961K, committed 20096K, reserved 1067008K
  class space    used 2015K, capacity 2117K, committed 2176K, reserved 1048576K
GC Heap History (10 events):
Event: 5.308 GC heap before
{Heap before GC invocations=2 (full 0):
 PSYoungGen      total 38400K, used 38382K [0x0000000795580000, 0x0000000798000000, 0x00000007c0000000)
  eden space 33280K, 100% used [0x0000000795580000,0x0000000797600000,0x0000000797600000)
  from space 5120K, 99% used [0x0000000797600000,0x0000000797afbab0,0x0000000797b00000)
  to   space 5120K, 0% used [0x0000000797b00000,0x0000000797b00000,0x0000000798000000)
 ParOldGen       total 87552K, used 40K [0x0000000740000000, 0x0000000745580000, 0x0000000795580000)
  object space 87552K, 0% used [0x0000000740000000,0x000000074000a340,0x0000000745580000)
 Metaspace       used 19226K, capacity 19537K, committed 19840K, reserved 1067008K
  class space    used 1973K, capacity 2083K, committed 2176K, reserved 1048576K
Event: 5.321 GC heap after
Heap after GC invocations=2 (full 0):
 PSYoungGen      total 38400K, used 5088K [0x0000000795580000, 0x0000000798000000, 0x00000007c0000000)
  eden space 33280K, 0% used [0x0000000795580000,0x0000000795580000,0x0000000797600000)
  from space 5120K, 99% used [0x0000000797b00000,0x0000000797ff8030,0x0000000798000000)
  to   space 5120K, 0% used [0x0000000797600000,0x0000000797600000,0x0000000797b00000)
 ParOldGen       total 87552K, used 10864K [0x0000000740000000, 0x0000000745580000, 0x0000000795580000)
  object space 87552K, 12% used [0x0000000740000000,0x0000000740a9c3d0,0x0000000745580000)
 Metaspace       used 19226K, capacity 19537K, committed 19840K, reserved 1067008K
  class space    used 1973K, capacity 2083K, committed 2176K, reserved 1048576K
}
Event: 5.582 GC heap before
{Heap before GC invocations=3 (full 0):
 PSYoungGen      total 38400K, used 38368K [0x0000000795580000, 0x0000000798000000, 0x00000007c0000000)
  eden space 33280K, 100% used [0x0000000795580000,0x0000000797600000,0x0000000797600000)
  from space 5120K, 99% used [0x0000000797b00000,0x0000000797ff8030,0x0000000798000000)
  to   space 5120K, 0% used [0x0000000797600000,0x0000000797600000,0x0000000797b00000)
 ParOldGen       total 87552K, used 10864K [0x0000000740000000, 0x0000000745580000, 0x0000000795580000)
  object space 87552K, 12% used [0x0000000740000000,0x0000000740a9c3d0,0x0000000745580000)
 Metaspace       used 19411K, capacity 19793K, committed 20096K, reserved 1067008K
  class space    used 1988K, capacity 2083K, committed 2176K, reserved 1048576K
Event: 5.602 GC heap after
Heap after GC invocations=3 (full 0):
 PSYoungGen      total 38400K, used 5106K [0x0000000795580000, 0x000000079a080000, 0x00000007c0000000)
  eden space 33280K, 0% used [0x0000000795580000,0x0000000795580000,0x0000000797600000)
  from space 5120K, 99% used [0x0000000797600000,0x0000000797afca78,0x0000000797b00000)
  to   space 5120K, 0% used [0x0000000799b80000,0x0000000799b80000,0x000000079a080000)
 ParOldGen       total 87552K, used 38597K [0x0000000740000000, 0x0000000745580000, 0x0000000795580000)
  object space 87552K, 44% used [0x0000000740000000,0x00000007425b1430,0x0000000745580000)
 Metaspace       used 19411K, capacity 19793K, committed 20096K, reserved 1067008K
  class space    used 1988K, capacity 2083K, committed 2176K, reserved 1048576K
}
Event: 6.053 GC heap before
{Heap before GC invocations=4 (full 0):
 PSYoungGen      total 38400K, used 38386K [0x0000000795580000, 0x000000079a080000, 0x00000007c0000000)
  eden space 33280K, 100% used [0x0000000795580000,0x0000000797600000,0x0000000797600000)
  from space 5120K, 99% used [0x0000000797600000,0x0000000797afca78,0x0000000797b00000)
  to   space 5120K, 0% used [0x0000000799b80000,0x0000000799b80000,0x000000079a080000)
 ParOldGen       total 87552K, used 38597K [0x0000000740000000, 0x0000000745580000, 0x0000000795580000)
  object space 87552K, 44% used [0x0000000740000000,0x00000007425b1430,0x0000000745580000)
 Metaspace       used 19470K, capacity 19793K, committed 20096K, reserved 1067008K
  class space    used 1990K, capacity 2083K, committed 2176K, reserved 1048576K
Event: 6.064 GC heap after
Heap after GC invocations=4 (full 0):
 PSYoungGen      total 71680K, used 5104K [0x0000000795580000, 0x000000079a080000, 0x00000007c0000000)
  eden space 66560K, 0% used [0x0000000795580000,0x0000000795580000,0x0000000799680000)
  from space 5120K, 99% used [0x0000000799b80000,0x000000079a07c028,0x000000079a080000)
  to   space 5120K, 0% used [0x0000000799680000,0x0000000799680000,0x0000000799b80000)
 ParOldGen       total 87552K, used 46683K [0x0000000740000000, 0x0000000745580000, 0x0000000795580000)
  object space 87552K, 53% used [0x0000000740000000,0x0000000742d96f00,0x0000000745580000)
 Metaspace       used 19470K, capacity 19793K, committed 20096K, reserved 1067008K
  class space    used 1990K, capacity 2083K, committed 2176K, reserved 1048576K
}
Event: 6.256 GC heap before
{Heap before GC invocations=5 (full 0):
 PSYoungGen      total 71680K, used 71664K [0x0000000795580000, 0x000000079a080000, 0x00000007c0000000)
  eden space 66560K, 100% used [0x0000000795580000,0x0000000799680000,0x0000000799680000)
  from space 5120K, 99% used [0x0000000799b80000,0x000000079a07c028,0x000000079a080000)
  to   space 5120K, 0% used [0x0000000799680000,0x0000000799680000,0x0000000799b80000)
 ParOldGen       total 87552K, used 46683K [0x0000000740000000, 0x0000000745580000, 0x0000000795580000)
  object space 87552K, 53% used [0x0000000740000000,0x0000000742d96f00,0x0000000745580000)
 Metaspace       used 19544K, capacity 19889K, committed 20096K, reserved 1067008K
  class space    used 1998K, capacity 2115K, committed 2176K, reserved 1048576K
Event: 6.285 GC heap after
Heap after GC invocations=5 (full 0):
 PSYoungGen      total 71680K, used 5098K [0x0000000795580000, 0x00000007a3b80000, 0x00000007c0000000)
  eden space 66560K, 0% used [0x0000000795580000,0x0000000795580000,0x0000000799680000)
  from space 5120K, 99% used [0x0000000799680000,0x0000000799b7a900,0x0000000799b80000)
  to   space 51200K, 0% used [0x00000007a0980000,0x00000007a0980000,0x00000007a3b80000)
 ParOldGen       total 90112K, used 87671K [0x0000000740000000, 0x0000000745800000, 0x0000000795580000)
  object space 90112K, 97% used [0x0000000740000000,0x000000074559df18,0x0000000745800000)
 Metaspace       used 19544K, capacity 19889K, committed 20096K, reserved 1067008K
  class space    used 1998K, capacity 2115K, committed 2176K, reserved 1048576K
}
Event: 6.285 GC heap before
{Heap before GC invocations=6 (full 1):
 PSYoungGen      total 71680K, used 5098K [0x0000000795580000, 0x00000007a3b80000, 0x00000007c0000000)
  eden space 66560K, 0% used [0x0000000795580000,0x0000000795580000,0x0000000799680000)
  from space 5120K, 99% used [0x0000000799680000,0x0000000799b7a900,0x0000000799b80000)
  to   space 51200K, 0% used [0x00000007a0980000,0x00000007a0980000,0x00000007a3b80000)
 ParOldGen       total 90112K, used 87671K [0x0000000740000000, 0x0000000745800000, 0x0000000795580000)
  object space 90112K, 97% used [0x0000000740000000,0x000000074559df18,0x0000000745800000)
 Metaspace       used 19544K, capacity 19889K, committed 20096K, reserved 1067008K
  class space    used 1998K, capacity 2115K, committed 2176K, reserved 1048576K
Event: 6.374 GC heap after
Heap after GC invocations=6 (full 1):
 PSYoungGen      total 71680K, used 0K [0x0000000795580000, 0x00000007a3b80000, 0x00000007c0000000)
  eden space 66560K, 0% used [0x0000000795580000,0x0000000795580000,0x0000000799680000)
  from space 5120K, 0% used [0x0000000799680000,0x0000000799680000,0x0000000799b80000)
  to   space 51200K, 0% used [0x00000007a0980000,0x00000007a0980000,0x00000007a3b80000)
 ParOldGen       total 137216K, used 50922K [0x0000000740000000, 0x0000000748600000, 0x0000000795580000)
  object space 137216K, 37% used [0x0000000740000000,0x00000007431bab38,0x0000000748600000)
 Metaspace       used 19544K, capacity 19889K, committed 20096K, reserved 1067008K
  class space    used 1998K, capacity 2115K, committed 2176K, reserved 1048576K
}

