# JRE version: Java(TM) SE Runtime Environment (8.0_221-b11) (build 1.8.0_221-b11)
# Java VM: Java HotSpot(TM) 64-Bit Server VM (25.221-b11 mixed mode bsd-amd64 compressed oops)
Heap:
 PSYoungGen      total 196096K, used 116530K [0x0000000795580000, 0x00000007a2c00000, 0x00000007c0000000)
  eden space 189952K, 61% used [0x0000000795580000,0x000000079c724bf8,0x00000007a0f00000)
  from space 6144K, 2% used [0x00000007a2600000,0x00000007a2628000,0x00000007a2c00000)
  to   space 14848K, 0% used [0x00000007a0f00000,0x00000007a0f00000,0x00000007a1d80000)
 ParOldGen       total 66560K, used 29479K [0x0000000740000000, 0x0000000744100000, 0x0000000795580000)
  object space 66560K, 44% used [0x0000000740000000,0x0000000741cc9c58,0x0000000744100000)
 Metaspace       used 27956K, capacity 28285K, committed 28544K, reserved 1075200K
  class space    used 2238K, capacity 2344K, committed 2432K, reserved 1048576K
GC Heap History (10 events):
Event: 31.295 GC heap before
{Heap before GC invocations=9 (full 1):
 PSYoungGen      total 118272K, used 109593K [0x0000000795580000, 0x00000007a1780000, 0x00000007c0000000)
  eden space 104448K, 100% used [0x0000000795580000,0x000000079bb80000,0x000000079bb80000)
  from space 13824K, 37% used [0x000000079bb80000,0x000000079c086630,0x000000079c900000)
  to   space 13824K, 0% used [0x00000007a0a00000,0x00000007a0a00000,0x00000007a1780000)
 ParOldGen       total 66560K, used 24116K [0x0000000740000000, 0x0000000744100000, 0x0000000795580000)
  object space 66560K, 36% used [0x0000000740000000,0x000000074178d0c0,0x0000000744100000)
 Metaspace       used 27832K, capacity 28215K, committed 28544K, reserved 1075200K
  class space    used 2211K, capacity 2341K, committed 2432K, reserved 1048576K
Event: 31.300 GC heap after
Heap after GC invocations=9 (full 1):
 PSYoungGen      total 171520K, used 2112K [0x0000000795580000, 0x00000007a1180000, 0x00000007c0000000)
  eden space 163840K, 0% used [0x0000000795580000,0x0000000795580000,0x000000079f580000)
  from space 7680K, 27% used [0x00000007a0a00000,0x00000007a0c10060,0x00000007a1180000)
  to   space 14336K, 0% used [0x000000079f580000,0x000000079f580000,0x00000007a0380000)
 ParOldGen       total 66560K, used 27435K [0x0000000740000000, 0x0000000744100000, 0x0000000795580000)
  object space 66560K, 41% used [0x0000000740000000,0x0000000741acaeb8,0x0000000744100000)
 Metaspace       used 27832K, capacity 28215K, committed 28544K, reserved 1075200K
  class space    used 2211K, capacity 2341K, committed 2432K, reserved 1048576K
}
Event: 45.729 GC heap before
{Heap before GC invocations=10 (full 1):
 PSYoungGen      total 171520K, used 165952K [0x0000000795580000, 0x00000007a1180000, 0x00000007c0000000)
  eden space 163840K, 100% used [0x0000000795580000,0x000000079f580000,0x000000079f580000)
  from space 7680K, 27% used [0x00000007a0a00000,0x00000007a0c10060,0x00000007a1180000)
  to   space 14336K, 0% used [0x000000079f580000,0x000000079f580000,0x00000007a0380000)
 ParOldGen       total 66560K, used 27435K [0x0000000740000000, 0x0000000744100000, 0x0000000795580000)
  object space 66560K, 41% used [0x0000000740000000,0x0000000741acaeb8,0x0000000744100000)
 Metaspace       used 27832K, capacity 28215K, committed 28544K, reserved 1075200K
  class space    used 2211K, capacity 2341K, committed 2432K, reserved 1048576K
Event: 45.734 GC heap after
Heap after GC invocations=10 (full 1):
 PSYoungGen      total 178176K, used 224K [0x0000000795580000, 0x00000007a4280000, 0x00000007c0000000)
  eden space 163840K, 0% used [0x0000000795580000,0x0000000795580000,0x000000079f580000)
  from space 14336K, 1% used [0x000000079f580000,0x000000079f5b8000,0x00000007a0380000)
  to   space 14848K, 0% used [0x00000007a3400000,0x00000007a3400000,0x00000007a4280000)
 ParOldGen       total 66560K, used 29431K [0x0000000740000000, 0x0000000744100000, 0x0000000795580000)
  object space 66560K, 44% used [0x0000000740000000,0x0000000741cbdc58,0x0000000744100000)
 Metaspace       used 27832K, capacity 28215K, committed 28544K, reserved 1075200K
  class space    used 2211K, capacity 2341K, committed 2432K, reserved 1048576K
}
Event: 60.267 GC heap before
{Heap before GC invocations=11 (full 1):
 PSYoungGen      total 178176K, used 164064K [0x0000000795580000, 0x00000007a4280000, 0x00000007c0000000)
  eden space 163840K, 100% used [0x0000000795580000,0x000000079f580000,0x000000079f580000)
  from space 14336K, 1% used [0x000000079f580000,0x000000079f5b8000,0x00000007a0380000)
  to   space 14848K, 0% used [0x00000007a3400000,0x00000007a3400000,0x00000007a4280000)
 ParOldGen       total 66560K, used 29431K [0x0000000740000000, 0x0000000744100000, 0x0000000795580000)
  object space 66560K, 44% used [0x0000000740000000,0x0000000741cbdc58,0x0000000744100000)
 Metaspace       used 27832K, capacity 28215K, committed 28544K, reserved 1075200K
  class space    used 2211K, capacity 2341K, committed 2432K, reserved 1048576K
Event: 60.269 GC heap after
Heap after GC invocations=11 (full 1):
 PSYoungGen      total 214528K, used 160K [0x0000000795580000, 0x00000007a3c00000, 0x00000007c0000000)
  eden space 206336K, 0% used [0x0000000795580000,0x0000000795580000,0x00000007a1f00000)
  from space 8192K, 1% used [0x00000007a3400000,0x00000007a3428000,0x00000007a3c00000)
  to   space 14848K, 0% used [0x00000007a1f00000,0x00000007a1f00000,0x00000007a2d80000)
 ParOldGen       total 66560K, used 29479K [0x0000000740000000, 0x0000000744100000, 0x0000000795580000)
  object space 66560K, 44% used [0x0000000740000000,0x0000000741cc9c58,0x0000000744100000)
 Metaspace       used 27832K, capacity 28215K, committed 28544K, reserved 1075200K
  class space    used 2211K, capacity 2341K, committed 2432K, reserved 1048576K
}
Event: 78.611 GC heap before
{Heap before GC invocations=12 (full 1):
 PSYoungGen      total 214528K, used 206496K [0x0000000795580000, 0x00000007a3c00000, 0x00000007c0000000)
  eden space 206336K, 100% used [0x0000000795580000,0x00000007a1f00000,0x00000007a1f00000)
  from space 8192K, 1% used [0x00000007a3400000,0x00000007a3428000,0x00000007a3c00000)
  to   space 14848K, 0% used [0x00000007a1f00000,0x00000007a1f00000,0x00000007a2d80000)
 ParOldGen       total 66560K, used 29479K [0x0000000740000000, 0x0000000744100000, 0x0000000795580000)
  object space 66560K, 44% used [0x0000000740000000,0x0000000741cc9c58,0x0000000744100000)
 Metaspace       used 27832K, capacity 28215K, committed 28544K, reserved 1075200K
  class space    used 2211K, capacity 2341K, committed 2432K, reserved 1048576K
Event: 78.613 GC heap after
Heap after GC invocations=12 (full 1):
 PSYoungGen      total 198656K, used 128K [0x0000000795580000, 0x00000007a3500000, 0x00000007c0000000)
  eden space 198144K, 0% used [0x0000000795580000,0x0000000795580000,0x00000007a1700000)
  from space 512K, 25% used [0x00000007a1f00000,0x00000007a1f20000,0x00000007a1f80000)
  to   space 15360K, 0% used [0x00000007a2600000,0x00000007a2600000,0x00000007a3500000)
 ParOldGen       total 66560K, used 29479K [0x0000000740000000, 0x0000000744100000, 0x0000000795580000)
  object space 66560K, 44% used [0x0000000740000000,0x0000000741cc9c58,0x0000000744100000)
 Metaspace       used 27832K, capacity 28215K, committed 28544K, reserved 1075200K
  class space    used 2211K, capacity 2341K, committed 2432K, reserved 1048576K
}
Event: 95.972 GC heap before
{Heap before GC invocations=13 (full 1):
 PSYoungGen      total 198656K, used 198272K [0x0000000795580000, 0x00000007a3500000, 0x00000007c0000000)
  eden space 198144K, 100% used [0x0000000795580000,0x00000007a1700000,0x00000007a1700000)
  from space 512K, 25% used [0x00000007a1f00000,0x00000007a1f20000,0x00000007a1f80000)
  to   space 15360K, 0% used [0x00000007a2600000,0x00000007a2600000,0x00000007a3500000)
 ParOldGen       total 66560K, used 29479K [0x0000000740000000, 0x0000000744100000, 0x0000000795580000)
  object space 66560K, 44% used [0x0000000740000000,0x0000000741cc9c58,0x0000000744100000)
 Metaspace       used 27832K, capacity 28215K, committed 28544K, reserved 1075200K
  class space    used 2211K, capacity 2341K, committed 2432K, reserved 1048576K
Event: 95.976 GC heap after
Heap after GC invocations=13 (full 1):
 PSYoungGen      total 196096K, used 160K [0x0000000795580000, 0x00000007a2c00000, 0x00000007c0000000)
  eden space 189952K, 0% used [0x0000000795580000,0x0000000795580000,0x00000007a0f00000)
  from space 6144K, 2% used [0x00000007a2600000,0x00000007a2628000,0x00000007a2c00000)
  to   space 14848K, 0% used [0x00000007a0f00000,0x00000007a0f00000,0x00000007a1d80000)
 ParOldGen       total 66560K, used 29479K [0x0000000740000000, 0x0000000744100000, 0x0000000795580000)
  object space 66560K, 44% used [0x0000000740000000,0x0000000741cc9c58,0x0000000744100000)
 Metaspace       used 27832K, capacity 28215K, committed 28544K, reserved 1075200K
  class space    used 2211K, capacity 2341K, committed 2432K, reserved 1048576K
}

